<?xml version="1.0" encoding="UTF-8"?>
<testng-results ignored="0" total="2" passed="2" failed="0" skipped="0">
  <reporter-output>
  </reporter-output>
  <suite started-at="2025-08-16T11:54:16 IST" name="Suite" finished-at="2025-08-16T11:54:23 IST" duration-ms="6708">
    <groups>
    </groups>
    <test started-at="2025-08-16T11:54:16 IST" name="Test" finished-at="2025-08-16T11:54:23 IST" duration-ms="6708">
      <class name="apicode.base1.MainClassOne2">
        <test-method is-config="true" signature="basetestOne()[pri:0, instance:apicode.base1.MainClassOne2@2c767a52]" started-at="2025-08-16T11:54:22 IST" name="basetestOne" finished-at="2025-08-16T11:54:22 IST" duration-ms="1" status="PASS">
          <reporter-output>
          </reporter-output>
        </test-method> <!-- basetestOne -->
        <test-method signature="testPOST()[pri:1, instance:apicode.base1.MainClassOne2@2c767a52]" started-at="2025-08-16T11:54:22 IST" name="testPOST" finished-at="2025-08-16T11:54:23 IST" duration-ms="716" status="PASS">
          <reporter-output>
          </reporter-output>
        </test-method> <!-- testPOST -->
      </class> <!-- apicode.base1.MainClassOne2 -->
      <class name="apicode.base1.MainClassOne">
        <test-method is-config="true" signature="basetestOne()[pri:0, instance:apicode.base1.MainClassOne@7ed7259e]" started-at="2025-08-16T11:54:16 IST" name="basetestOne" finished-at="2025-08-16T11:54:17 IST" duration-ms="658" status="PASS">
          <reporter-output>
          </reporter-output>
        </test-method> <!-- basetestOne -->
        <test-method signature="testGet()[pri:1, instance:apicode.base1.MainClassOne@7ed7259e]" started-at="2025-08-16T11:54:17 IST" name="testGet" finished-at="2025-08-16T11:54:22 IST" duration-ms="5265" status="PASS">
          <reporter-output>
          </reporter-output>
        </test-method> <!-- testGet -->
      </class> <!-- apicode.base1.MainClassOne -->
    </test> <!-- Test -->
  </suite> <!-- Suite -->
</testng-results>
